<?xml version="1.0" encoding="UTF-8"?>
<testsuite xmlns:xsi="http://www.w3.org/2001/XMLSchema-instance" xsi:noNamespaceSchemaLocation="https://maven.apache.org/surefire/maven-surefire-plugin/xsd/surefire-test-report.xsd" name="GameOfLifePresenterTests" time="0.041" tests="13" errors="0" skipped="0" failures="0">
  <properties>
    <property name="java.specification.version" value="15"/>
    <property name="sun.cpu.isalist" value="amd64"/>
    <property name="sun.jnu.encoding" value="Cp1252"/>
    <property name="java.class.path" value="C:\GIT\GameOfLife\target\test-classes;C:\GIT\GameOfLife\target\classes;C:\Users\Joakim Landström\.m2\repository\org\apache\maven\plugins\maven-surefire-plugin\2.22.2\maven-surefire-plugin-2.22.2.jar;C:\Users\Joakim Landström\.m2\repository\org\apache\maven\surefire\maven-surefire-common\2.22.2\maven-surefire-common-2.22.2.jar;C:\Users\Joakim Landström\.m2\repository\org\apache\maven\plugin-tools\maven-plugin-annotations\3.5.2\maven-plugin-annotations-3.5.2.jar;C:\Users\Joakim Landström\.m2\repository\org\apache\maven\surefire\surefire-api\2.22.2\surefire-api-2.22.2.jar;C:\Users\Joakim Landström\.m2\repository\org\apache\maven\surefire\surefire-logger-api\2.22.2\surefire-logger-api-2.22.2.jar;C:\Users\Joakim Landström\.m2\repository\org\apache\maven\surefire\surefire-booter\2.22.2\surefire-booter-2.22.2.jar;C:\Users\Joakim Landström\.m2\repository\org\apache\maven\maven-plugin-descriptor\2.2.1\maven-plugin-descriptor-2.2.1.jar;C:\Users\Joakim Landström\.m2\repository\org\codehaus\plexus\plexus-container-default\1.0-alpha-9-stable-1\plexus-container-default-1.0-alpha-9-stable-1.jar;C:\Users\Joakim Landström\.m2\repository\junit\junit\3.8.1\junit-3.8.1.jar;C:\Users\Joakim Landström\.m2\repository\classworlds\classworlds\1.1-alpha-2\classworlds-1.1-alpha-2.jar;C:\Users\Joakim Landström\.m2\repository\org\apache\maven\maven-project\2.2.1\maven-project-2.2.1.jar;C:\Users\Joakim Landström\.m2\repository\org\apache\maven\maven-profile\2.2.1\maven-profile-2.2.1.jar;C:\Users\Joakim Landström\.m2\repository\org\apache\maven\maven-artifact-manager\2.2.1\maven-artifact-manager-2.2.1.jar;C:\Users\Joakim Landström\.m2\repository\backport-util-concurrent\backport-util-concurrent\3.1\backport-util-concurrent-3.1.jar;C:\Users\Joakim Landström\.m2\repository\org\apache\maven\maven-plugin-registry\2.2.1\maven-plugin-registry-2.2.1.jar;C:\Users\Joakim Landström\.m2\repository\org\apache\maven\maven-model\2.2.1\maven-model-2.2.1.jar;C:\Users\Joakim Landström\.m2\repository\org\apache\maven\maven-toolchain\2.2.1\maven-toolchain-2.2.1.jar;C:\Users\Joakim Landström\.m2\repository\org\codehaus\plexus\plexus-java\0.9.10\plexus-java-0.9.10.jar;C:\Users\Joakim Landström\.m2\repository\org\ow2\asm\asm\6.2\asm-6.2.jar;C:\Users\Joakim Landström\.m2\repository\com\thoughtworks\qdox\qdox\2.0-M8\qdox-2.0-M8.jar;C:\Users\Joakim Landström\.m2\repository\org\junit\jupiter\junit-jupiter-api\5.7.0\junit-jupiter-api-5.7.0.jar;C:\Users\Joakim Landström\.m2\repository\org\apiguardian\apiguardian-api\1.1.0\apiguardian-api-1.1.0.jar;C:\Users\Joakim Landström\.m2\repository\org\opentest4j\opentest4j\1.2.0\opentest4j-1.2.0.jar;C:\Users\Joakim Landström\.m2\repository\org\junit\platform\junit-platform-commons\1.7.0\junit-platform-commons-1.7.0.jar;C:\Users\Joakim Landström\.m2\repository\org\junit\jupiter\junit-jupiter-engine\5.7.0\junit-jupiter-engine-5.7.0.jar;C:\Users\Joakim Landström\.m2\repository\org\junit\platform\junit-platform-engine\1.7.0\junit-platform-engine-1.7.0.jar;C:\Users\Joakim Landström\.m2\repository\org\apache\maven\plugins\maven-jar-plugin\3.2.0\maven-jar-plugin-3.2.0.jar;C:\Users\Joakim Landström\.m2\repository\org\apache\maven\maven-plugin-api\3.0\maven-plugin-api-3.0.jar;C:\Users\Joakim Landström\.m2\repository\org\sonatype\sisu\sisu-inject-plexus\1.4.2\sisu-inject-plexus-1.4.2.jar;C:\Users\Joakim Landström\.m2\repository\org\sonatype\sisu\sisu-inject-bean\1.4.2\sisu-inject-bean-1.4.2.jar;C:\Users\Joakim Landström\.m2\repository\org\sonatype\sisu\sisu-guice\2.1.7\sisu-guice-2.1.7-noaop.jar;C:\Users\Joakim Landström\.m2\repository\org\apache\maven\maven-core\3.0\maven-core-3.0.jar;C:\Users\Joakim Landström\.m2\repository\org\apache\maven\maven-settings\3.0\maven-settings-3.0.jar;C:\Users\Joakim Landström\.m2\repository\org\apache\maven\maven-settings-builder\3.0\maven-settings-builder-3.0.jar;C:\Users\Joakim Landström\.m2\repository\org\apache\maven\maven-repository-metadata\3.0\maven-repository-metadata-3.0.jar;C:\Users\Joakim Landström\.m2\repository\org\apache\maven\maven-model-builder\3.0\maven-model-builder-3.0.jar;C:\Users\Joakim Landström\.m2\repository\org\apache\maven\maven-aether-provider\3.0\maven-aether-provider-3.0.jar;C:\Users\Joakim Landström\.m2\repository\org\sonatype\aether\aether-impl\1.7\aether-impl-1.7.jar;C:\Users\Joakim Landström\.m2\repository\org\sonatype\aether\aether-spi\1.7\aether-spi-1.7.jar;C:\Users\Joakim Landström\.m2\repository\org\sonatype\aether\aether-api\1.7\aether-api-1.7.jar;C:\Users\Joakim Landström\.m2\repository\org\sonatype\aether\aether-util\1.7\aether-util-1.7.jar;C:\Users\Joakim Landström\.m2\repository\org\codehaus\plexus\plexus-interpolation\1.14\plexus-interpolation-1.14.jar;C:\Users\Joakim Landström\.m2\repository\org\codehaus\plexus\plexus-classworlds\2.2.3\plexus-classworlds-2.2.3.jar;C:\Users\Joakim Landström\.m2\repository\org\codehaus\plexus\plexus-component-annotations\1.5.5\plexus-component-annotations-1.5.5.jar;C:\Users\Joakim Landström\.m2\repository\org\sonatype\plexus\plexus-sec-dispatcher\1.3\plexus-sec-dispatcher-1.3.jar;C:\Users\Joakim Landström\.m2\repository\org\sonatype\plexus\plexus-cipher\1.4\plexus-cipher-1.4.jar;C:\Users\Joakim Landström\.m2\repository\org\apache\maven\maven-artifact\3.0\maven-artifact-3.0.jar;C:\Users\Joakim Landström\.m2\repository\org\apache\maven\shared\file-management\3.0.0\file-management-3.0.0.jar;C:\Users\Joakim Landström\.m2\repository\org\apache\maven\shared\maven-shared-io\3.0.0\maven-shared-io-3.0.0.jar;C:\Users\Joakim Landström\.m2\repository\org\apache\maven\maven-compat\3.0\maven-compat-3.0.jar;C:\Users\Joakim Landström\.m2\repository\org\apache\maven\wagon\wagon-provider-api\2.10\wagon-provider-api-2.10.jar;C:\Users\Joakim Landström\.m2\repository\org\apache\maven\maven-archiver\3.5.0\maven-archiver-3.5.0.jar;C:\Users\Joakim Landström\.m2\repository\commons-io\commons-io\2.5\commons-io-2.5.jar;C:\Users\Joakim Landström\.m2\repository\org\apache\maven\shared\maven-shared-utils\3.2.1\maven-shared-utils-3.2.1.jar;C:\Users\Joakim Landström\.m2\repository\org\codehaus\plexus\plexus-archiver\4.2.1\plexus-archiver-4.2.1.jar;C:\Users\Joakim Landström\.m2\repository\org\codehaus\plexus\plexus-io\3.2.0\plexus-io-3.2.0.jar;C:\Users\Joakim Landström\.m2\repository\org\apache\commons\commons-compress\1.19\commons-compress-1.19.jar;C:\Users\Joakim Landström\.m2\repository\org\iq80\snappy\snappy\0.4\snappy-0.4.jar;C:\Users\Joakim Landström\.m2\repository\org\tukaani\xz\1.8\xz-1.8.jar;C:\Users\Joakim Landström\.m2\repository\org\codehaus\plexus\plexus-utils\3.3.0\plexus-utils-3.3.0.jar;"/>
    <property name="java.vm.vendor" value="Oracle Corporation"/>
    <property name="sun.arch.data.model" value="64"/>
    <property name="user.variant" value=""/>
    <property name="java.vendor.url" value="https://java.oracle.com/"/>
    <property name="user.timezone" value="Europe/Stockholm"/>
    <property name="os.name" value="Windows 10"/>
    <property name="java.vm.specification.version" value="15"/>
    <property name="sun.java.launcher" value="SUN_STANDARD"/>
    <property name="user.country" value="SE"/>
    <property name="sun.boot.library.path" value="C:\Program Files\Java\jdk-15.0.1\bin"/>
    <property name="sun.java.command" value="C:\Users\JOAKIM~1\AppData\Local\Temp\surefire13454657252133417134\surefirebooter7510690851477718857.jar C:\Users\Joakim Landström\AppData\Local\Temp\surefire13454657252133417134 2020-12-17T20-53-13_228-jvmRun1 surefire10004912151245116160tmp surefire_013276270068568134369tmp"/>
    <property name="jdk.debug" value="release"/>
    <property name="surefire.test.class.path" value="C:\GIT\GameOfLife\target\test-classes;C:\GIT\GameOfLife\target\classes;C:\Users\Joakim Landström\.m2\repository\org\apache\maven\plugins\maven-surefire-plugin\2.22.2\maven-surefire-plugin-2.22.2.jar;C:\Users\Joakim Landström\.m2\repository\org\apache\maven\surefire\maven-surefire-common\2.22.2\maven-surefire-common-2.22.2.jar;C:\Users\Joakim Landström\.m2\repository\org\apache\maven\plugin-tools\maven-plugin-annotations\3.5.2\maven-plugin-annotations-3.5.2.jar;C:\Users\Joakim Landström\.m2\repository\org\apache\maven\surefire\surefire-api\2.22.2\surefire-api-2.22.2.jar;C:\Users\Joakim Landström\.m2\repository\org\apache\maven\surefire\surefire-logger-api\2.22.2\surefire-logger-api-2.22.2.jar;C:\Users\Joakim Landström\.m2\repository\org\apache\maven\surefire\surefire-booter\2.22.2\surefire-booter-2.22.2.jar;C:\Users\Joakim Landström\.m2\repository\org\apache\maven\maven-plugin-descriptor\2.2.1\maven-plugin-descriptor-2.2.1.jar;C:\Users\Joakim Landström\.m2\repository\org\codehaus\plexus\plexus-container-default\1.0-alpha-9-stable-1\plexus-container-default-1.0-alpha-9-stable-1.jar;C:\Users\Joakim Landström\.m2\repository\junit\junit\3.8.1\junit-3.8.1.jar;C:\Users\Joakim Landström\.m2\repository\classworlds\classworlds\1.1-alpha-2\classworlds-1.1-alpha-2.jar;C:\Users\Joakim Landström\.m2\repository\org\apache\maven\maven-project\2.2.1\maven-project-2.2.1.jar;C:\Users\Joakim Landström\.m2\repository\org\apache\maven\maven-profile\2.2.1\maven-profile-2.2.1.jar;C:\Users\Joakim Landström\.m2\repository\org\apache\maven\maven-artifact-manager\2.2.1\maven-artifact-manager-2.2.1.jar;C:\Users\Joakim Landström\.m2\repository\backport-util-concurrent\backport-util-concurrent\3.1\backport-util-concurrent-3.1.jar;C:\Users\Joakim Landström\.m2\repository\org\apache\maven\maven-plugin-registry\2.2.1\maven-plugin-registry-2.2.1.jar;C:\Users\Joakim Landström\.m2\repository\org\apache\maven\maven-model\2.2.1\maven-model-2.2.1.jar;C:\Users\Joakim Landström\.m2\repository\org\apache\maven\maven-toolchain\2.2.1\maven-toolchain-2.2.1.jar;C:\Users\Joakim Landström\.m2\repository\org\codehaus\plexus\plexus-java\0.9.10\plexus-java-0.9.10.jar;C:\Users\Joakim Landström\.m2\repository\org\ow2\asm\asm\6.2\asm-6.2.jar;C:\Users\Joakim Landström\.m2\repository\com\thoughtworks\qdox\qdox\2.0-M8\qdox-2.0-M8.jar;C:\Users\Joakim Landström\.m2\repository\org\junit\jupiter\junit-jupiter-api\5.7.0\junit-jupiter-api-5.7.0.jar;C:\Users\Joakim Landström\.m2\repository\org\apiguardian\apiguardian-api\1.1.0\apiguardian-api-1.1.0.jar;C:\Users\Joakim Landström\.m2\repository\org\opentest4j\opentest4j\1.2.0\opentest4j-1.2.0.jar;C:\Users\Joakim Landström\.m2\repository\org\junit\platform\junit-platform-commons\1.7.0\junit-platform-commons-1.7.0.jar;C:\Users\Joakim Landström\.m2\repository\org\junit\jupiter\junit-jupiter-engine\5.7.0\junit-jupiter-engine-5.7.0.jar;C:\Users\Joakim Landström\.m2\repository\org\junit\platform\junit-platform-engine\1.7.0\junit-platform-engine-1.7.0.jar;C:\Users\Joakim Landström\.m2\repository\org\apache\maven\plugins\maven-jar-plugin\3.2.0\maven-jar-plugin-3.2.0.jar;C:\Users\Joakim Landström\.m2\repository\org\apache\maven\maven-plugin-api\3.0\maven-plugin-api-3.0.jar;C:\Users\Joakim Landström\.m2\repository\org\sonatype\sisu\sisu-inject-plexus\1.4.2\sisu-inject-plexus-1.4.2.jar;C:\Users\Joakim Landström\.m2\repository\org\sonatype\sisu\sisu-inject-bean\1.4.2\sisu-inject-bean-1.4.2.jar;C:\Users\Joakim Landström\.m2\repository\org\sonatype\sisu\sisu-guice\2.1.7\sisu-guice-2.1.7-noaop.jar;C:\Users\Joakim Landström\.m2\repository\org\apache\maven\maven-core\3.0\maven-core-3.0.jar;C:\Users\Joakim Landström\.m2\repository\org\apache\maven\maven-settings\3.0\maven-settings-3.0.jar;C:\Users\Joakim Landström\.m2\repository\org\apache\maven\maven-settings-builder\3.0\maven-settings-builder-3.0.jar;C:\Users\Joakim Landström\.m2\repository\org\apache\maven\maven-repository-metadata\3.0\maven-repository-metadata-3.0.jar;C:\Users\Joakim Landström\.m2\repository\org\apache\maven\maven-model-builder\3.0\maven-model-builder-3.0.jar;C:\Users\Joakim Landström\.m2\repository\org\apache\maven\maven-aether-provider\3.0\maven-aether-provider-3.0.jar;C:\Users\Joakim Landström\.m2\repository\org\sonatype\aether\aether-impl\1.7\aether-impl-1.7.jar;C:\Users\Joakim Landström\.m2\repository\org\sonatype\aether\aether-spi\1.7\aether-spi-1.7.jar;C:\Users\Joakim Landström\.m2\repository\org\sonatype\aether\aether-api\1.7\aether-api-1.7.jar;C:\Users\Joakim Landström\.m2\repository\org\sonatype\aether\aether-util\1.7\aether-util-1.7.jar;C:\Users\Joakim Landström\.m2\repository\org\codehaus\plexus\plexus-interpolation\1.14\plexus-interpolation-1.14.jar;C:\Users\Joakim Landström\.m2\repository\org\codehaus\plexus\plexus-classworlds\2.2.3\plexus-classworlds-2.2.3.jar;C:\Users\Joakim Landström\.m2\repository\org\codehaus\plexus\plexus-component-annotations\1.5.5\plexus-component-annotations-1.5.5.jar;C:\Users\Joakim Landström\.m2\repository\org\sonatype\plexus\plexus-sec-dispatcher\1.3\plexus-sec-dispatcher-1.3.jar;C:\Users\Joakim Landström\.m2\repository\org\sonatype\plexus\plexus-cipher\1.4\plexus-cipher-1.4.jar;C:\Users\Joakim Landström\.m2\repository\org\apache\maven\maven-artifact\3.0\maven-artifact-3.0.jar;C:\Users\Joakim Landström\.m2\repository\org\apache\maven\shared\file-management\3.0.0\file-management-3.0.0.jar;C:\Users\Joakim Landström\.m2\repository\org\apache\maven\shared\maven-shared-io\3.0.0\maven-shared-io-3.0.0.jar;C:\Users\Joakim Landström\.m2\repository\org\apache\maven\maven-compat\3.0\maven-compat-3.0.jar;C:\Users\Joakim Landström\.m2\repository\org\apache\maven\wagon\wagon-provider-api\2.10\wagon-provider-api-2.10.jar;C:\Users\Joakim Landström\.m2\repository\org\apache\maven\maven-archiver\3.5.0\maven-archiver-3.5.0.jar;C:\Users\Joakim Landström\.m2\repository\commons-io\commons-io\2.5\commons-io-2.5.jar;C:\Users\Joakim Landström\.m2\repository\org\apache\maven\shared\maven-shared-utils\3.2.1\maven-shared-utils-3.2.1.jar;C:\Users\Joakim Landström\.m2\repository\org\codehaus\plexus\plexus-archiver\4.2.1\plexus-archiver-4.2.1.jar;C:\Users\Joakim Landström\.m2\repository\org\codehaus\plexus\plexus-io\3.2.0\plexus-io-3.2.0.jar;C:\Users\Joakim Landström\.m2\repository\org\apache\commons\commons-compress\1.19\commons-compress-1.19.jar;C:\Users\Joakim Landström\.m2\repository\org\iq80\snappy\snappy\0.4\snappy-0.4.jar;C:\Users\Joakim Landström\.m2\repository\org\tukaani\xz\1.8\xz-1.8.jar;C:\Users\Joakim Landström\.m2\repository\org\codehaus\plexus\plexus-utils\3.3.0\plexus-utils-3.3.0.jar;"/>
    <property name="sun.cpu.endian" value="little"/>
    <property name="user.home" value="C:\Users\Joakim Landström"/>
    <property name="user.language" value="sv"/>
    <property name="java.specification.vendor" value="Oracle Corporation"/>
    <property name="java.version.date" value="2020-10-20"/>
    <property name="java.home" value="C:\Program Files\Java\jdk-15.0.1"/>
    <property name="file.separator" value="\"/>
    <property name="basedir" value="C:\GIT\GameOfLife"/>
    <property name="java.vm.compressedOopsMode" value="Zero based"/>
    <property name="line.separator" value="&#10;"/>
    <property name="java.vm.specification.vendor" value="Oracle Corporation"/>
    <property name="java.specification.name" value="Java Platform API Specification"/>
    <property name="surefire.real.class.path" value="C:\Users\JOAKIM~1\AppData\Local\Temp\surefire13454657252133417134\surefirebooter7510690851477718857.jar"/>
    <property name="user.script" value=""/>
    <property name="sun.management.compiler" value="HotSpot 64-Bit Tiered Compilers"/>
    <property name="java.runtime.version" value="15.0.1+9-18"/>
    <property name="user.name" value="Joakim Landström"/>
    <property name="path.separator" value=";"/>
    <property name="os.version" value="10.0"/>
    <property name="java.runtime.name" value="Java(TM) SE Runtime Environment"/>
    <property name="file.encoding" value="Cp1252"/>
    <property name="java.vm.name" value="Java HotSpot(TM) 64-Bit Server VM"/>
    <property name="localRepository" value="C:\Users\Joakim Landström\.m2\repository"/>
    <property name="java.vendor.url.bug" value="https://bugreport.java.com/bugreport/"/>
    <property name="java.io.tmpdir" value="C:\Users\JOAKIM~1\AppData\Local\Temp\"/>
    <property name="java.version" value="15.0.1"/>
    <property name="user.dir" value="C:\GIT\GameOfLife"/>
    <property name="os.arch" value="amd64"/>
    <property name="java.vm.specification.name" value="Java Virtual Machine Specification"/>
    <property name="sun.os.patch.level" value=""/>
    <property name="java.library.path" value="C:\Program Files\Java\jdk-15.0.1\bin;C:\WINDOWS\Sun\Java\bin;C:\WINDOWS\system32;C:\WINDOWS;C:\Program Files\Common Files\Oracle\Java\javapath;C:\Windows\system32;C:\Windows;C:\Windows\System32\Wbem;C:\Windows\System32\WindowsPowerShell\v1.0\;C:\Program Files (x86)\NVIDIA Corporation\PhysX\Common;C:\WINDOWS\system32;C:\WINDOWS;C:\WINDOWS\System32\Wbem;C:\WINDOWS\System32\WindowsPowerShell\v1.0\;C:\WINDOWS\System32\OpenSSH\;C:\Program Files\NVIDIA Corporation\NVIDIA NvDLISR;C:\WINDOWS\system32;C:\WINDOWS;C:\WINDOWS\System32\Wbem;C:\WINDOWS\System32\WindowsPowerShell\v1.0\;C:\WINDOWS\System32\OpenSSH\;C:\Program Files\dotnet\;C:\dev\apache-maven-3.6.3\bin;C:\Program Files\Java\jdk-15.0.1\bin;C:\Users\Joakim Landström\AppData\Local\Microsoft\WindowsApps;C:\Users\Joakim Landström\.dotnet\tools;C:\Users\Joakim Landström\AppData\Local\Programs\Microsoft VS Code\bin;C:\Users\Joakim Landström\AppData\Local\Microsoft\WindowsApps;C:\Users\Joakim Landström\.dotnet\tools;."/>
    <property name="java.vm.info" value="mixed mode, sharing"/>
    <property name="java.vendor" value="Oracle Corporation"/>
    <property name="java.vm.version" value="15.0.1+9-18"/>
    <property name="sun.io.unicode.encoding" value="UnicodeLittle"/>
    <property name="java.class.version" value="59.0"/>
  </properties>
  <testcase name="getNewCellValue_DeadAndTwoLiveNeighbours_ReturnsZero" classname="GameOfLifePresenterTests" time="0.018"/>
  <testcase name="anyCellsALive_TwoAlive_ReturnsTrue" classname="GameOfLifePresenterTests" time="0.001"/>
  <testcase name="getNewCellValue_LiveAndOneLiveNeighbours_ReturnsZero" classname="GameOfLifePresenterTests" time="0.001"/>
  <testcase name="anyCellsALive_ZeroAlive_ReturnsFalse" classname="GameOfLifePresenterTests" time="0.002"/>
  <testcase name="getNewCellValue_DeadAndFourLiveNeighbours_ReturnsZero" classname="GameOfLifePresenterTests" time="0"/>
  <testcase name="getNewCellValue_LiveAndFourLiveNeighbours_ReturnsZero" classname="GameOfLifePresenterTests" time="0"/>
  <testcase name="anyCellsALive_OneAlive_ReturnsTrue" classname="GameOfLifePresenterTests" time="0"/>
  <testcase name="getNewCellValue_LiveAndTwoLiveNeighbours_ReturnsOne" classname="GameOfLifePresenterTests" time="0"/>
  <testcase name="countAliveNeighbours_AliveAndNoNeighbour_ReturnsZero" classname="GameOfLifePresenterTests" time="0.001"/>
  <testcase name="countAliveNeighbours_DeadAndThreeNeighbours_ReturnsThree" classname="GameOfLifePresenterTests" time="0.001"/>
  <testcase name="getNewCellValue_DeadAndThreeLiveNeighbours_ReturnsOne" classname="GameOfLifePresenterTests" time="0"/>
  <testcase name="countAliveNeighbours_AliveAndTwoNeighbours_ReturnsTwo" classname="GameOfLifePresenterTests" time="0"/>
  <testcase name="getNewCellValue_LiveAndThreeLiveNeighbours_ReturnsOne" classname="GameOfLifePresenterTests" time="0.001"/>
</testsuite>